2014/09/08 00:52:36 [INFO] [War] War v1.8.1 (Nimitz) is on.
2014/09/08 00:54:07 [INFO] [War] Disabling War v1.8.1 (Nimitz)
2014/09/08 00:54:07 [INFO] [War] War v1.8.1 (Nimitz) is off.
2014/09/08 15:31:41 [INFO] [War] War v1.8.1 (Nimitz) is on.
2014/09/08 15:41:31 [INFO] [War] shlove1214 created warzone spleef by setting its corner 1
2014/09/08 15:41:49 [INFO] [War] shlove1214 updated warzone spleef by setting its corner 1
2014/09/08 15:42:18 [INFO] [War] shlove1214 updated warzone spleef by setting its corner 1
2014/09/08 15:43:03 [INFO] [War] Disabling War v1.8.1 (Nimitz)
2014/09/08 15:43:03 [INFO] [War] War v1.8.1 (Nimitz) is off.
2014/09/08 21:58:54 [INFO] [War] War v1.8.1 (Nimitz) is on.
2014/09/08 21:59:04 [INFO] [War] Loading zone spleef...
2014/09/08 21:59:05 [INFO] [War] Warzones ready.
2014/09/08 22:01:10 [INFO] [War] Last player left warzone spleef. Warzone blocks resetting automatically...
2014/09/08 22:01:12 [INFO] [War] Finished reset cycle for warzone spleef (took 1.28 seconds)
2014/09/08 22:05:43 [INFO] [War] Disabling War v1.8.1 (Nimitz)
2014/09/08 22:05:43 [INFO] [War] Unloading zone spleef...
2014/09/08 22:05:43 [INFO] [War] War v1.8.1 (Nimitz) is off.
2014/09/09 00:41:40 [INFO] [War] War v1.8.1 (Nimitz) is on.
2014/09/09 00:41:49 [INFO] [War] Loading zone spleef...
2014/09/09 00:41:50 [INFO] [War] Warzones ready.
2014/09/09 00:44:23 [INFO] [War] Disabling War v1.8.1 (Nimitz)
2014/09/09 00:44:23 [INFO] [War] Unloading zone spleef...
2014/09/09 00:44:23 [INFO] [War] War v1.8.1 (Nimitz) is off.
2014/09/09 00:44:42 [INFO] [War] War v1.8.1 (Nimitz) is on.
2014/09/09 00:44:51 [INFO] [War] Loading zone spleef...
2014/09/09 00:44:52 [INFO] [War] Warzones ready.
2014/09/09 00:45:34 [INFO] [War] Disabling War v1.8.1 (Nimitz)
2014/09/09 00:45:34 [INFO] [War] Unloading zone spleef...
2014/09/09 00:45:34 [INFO] [War] War v1.8.1 (Nimitz) is off.
2014/09/09 00:46:03 [INFO] [War] War v1.8.1 (Nimitz) is on.
2014/09/09 00:46:11 [INFO] [War] Loading zone spleef...
2014/09/09 00:46:12 [INFO] [War] Warzones ready.
2014/09/09 00:49:25 [INFO] [War] Disabling War v1.8.1 (Nimitz)
2014/09/09 00:49:25 [INFO] [War] Unloading zone spleef...
2014/09/09 00:49:25 [INFO] [War] War v1.8.1 (Nimitz) is off.
2014/09/09 00:50:20 [INFO] [War] War v1.8.1 (Nimitz) is on.
2014/09/09 00:50:27 [INFO] [War] Loading zone spleef...
2014/09/09 00:50:28 [INFO] [War] Warzones ready.
2014/09/09 00:50:44 [INFO] [War] Disabling War v1.8.1 (Nimitz)
2014/09/09 00:50:44 [INFO] [War] Unloading zone spleef...
2014/09/09 00:50:44 [INFO] [War] War v1.8.1 (Nimitz) is off.
2014/09/09 00:51:24 [INFO] [War] War v1.8.1 (Nimitz) is on.
2014/09/09 00:51:32 [INFO] [War] Loading zone spleef...
2014/09/09 00:51:32 [INFO] [War] Warzones ready.
2014/09/09 00:51:33 [INFO] [War] Disabling War v1.8.1 (Nimitz)
2014/09/09 00:51:33 [INFO] [War] Unloading zone spleef...
2014/09/09 00:51:33 [INFO] [War] War v1.8.1 (Nimitz) is off.
2014/09/09 00:57:52 [INFO] [War] War v1.8.1 (Nimitz) is on.
2014/09/09 00:57:55 [INFO] [War] Loading zone spleef...
2014/09/09 00:57:57 [INFO] [War] Warzones ready.
2014/09/09 00:58:02 [INFO] [War] Disabling War v1.8.1 (Nimitz)
2014/09/09 00:58:02 [INFO] [War] Unloading zone spleef...
2014/09/09 00:58:02 [INFO] [War] War v1.8.1 (Nimitz) is off.
2014/09/09 00:58:32 [INFO] [War] War v1.8.1 (Nimitz) is on.
2014/09/09 00:58:37 [INFO] [War] Loading zone spleef...
2014/09/09 00:58:39 [INFO] [War] Warzones ready.
2014/09/09 00:58:44 [INFO] [War] Disabling War v1.8.1 (Nimitz)
2014/09/09 00:58:44 [INFO] [War] Unloading zone spleef...
2014/09/09 00:58:44 [INFO] [War] War v1.8.1 (Nimitz) is off.
2014/09/09 00:59:03 [INFO] [War] War v1.8.1 (Nimitz) is on.
2014/09/09 00:59:08 [INFO] [War] Loading zone spleef...
2014/09/09 00:59:10 [INFO] [War] Warzones ready.
2014/09/09 00:59:10 [INFO] [War] Disabling War v1.8.1 (Nimitz)
2014/09/09 00:59:10 [INFO] [War] Unloading zone spleef...
2014/09/09 00:59:10 [INFO] [War] War v1.8.1 (Nimitz) is off.
2014/09/09 00:59:48 [INFO] [War] War v1.8.1 (Nimitz) is on.
2014/09/09 00:59:53 [INFO] [War] Loading zone spleef...
2014/09/09 00:59:55 [INFO] [War] Warzones ready.
2014/09/09 01:00:02 [INFO] [War] Disabling War v1.8.1 (Nimitz)
2014/09/09 01:00:02 [INFO] [War] Unloading zone spleef...
2014/09/09 01:00:02 [INFO] [War] War v1.8.1 (Nimitz) is off.
2014/09/09 01:00:43 [INFO] [War] War v1.8.1 (Nimitz) is on.
2014/09/09 01:00:46 [INFO] [War] Loading zone spleef...
2014/09/09 01:00:48 [INFO] [War] Warzones ready.
2014/09/09 01:00:58 [INFO] [War] Disabling War v1.8.1 (Nimitz)
2014/09/09 01:00:58 [INFO] [War] Unloading zone spleef...
2014/09/09 01:00:58 [INFO] [War] War v1.8.1 (Nimitz) is off.
2014/09/09 01:09:29 [INFO] [War] War v1.8.1 (Nimitz) is on.
2014/09/09 01:09:32 [INFO] [War] Loading zone spleef...
2014/09/09 01:09:33 [INFO] [War] Warzones ready.
2014/09/09 01:09:47 [INFO] [War] Disabling War v1.8.1 (Nimitz)
2014/09/09 01:09:47 [INFO] [War] Unloading zone spleef...
2014/09/09 01:09:47 [INFO] [War] War v1.8.1 (Nimitz) is off.
2014/09/09 01:10:27 [INFO] [War] War v1.8.1 (Nimitz) is on.
2014/09/09 01:10:29 [INFO] [War] Loading zone spleef...
2014/09/09 01:10:30 [INFO] [War] Warzones ready.
2014/09/09 01:10:47 [INFO] [War] Disabling War v1.8.1 (Nimitz)
2014/09/09 01:10:47 [INFO] [War] Unloading zone spleef...
2014/09/09 01:10:47 [INFO] [War] War v1.8.1 (Nimitz) is off.
2014/09/09 01:16:08 [INFO] [War] War v1.8.1 (Nimitz) is on.
2014/09/09 01:16:16 [INFO] [War] Loading zone spleef...
2014/09/09 01:16:17 [INFO] [War] Warzones ready.
2014/09/09 01:23:13 [INFO] [War] Superboop reset warzone spleef
2014/09/09 01:23:14 [INFO] [War] Finished reset cycle for warzone spleef (took 1.21 seconds)
2014/09/09 01:30:34 [INFO] [War] Last player left warzone spleef. Warzone blocks resetting automatically...
2014/09/09 01:30:35 [INFO] [War] Finished reset cycle for warzone spleef (took 1.12 seconds)
2014/09/09 02:15:38 [INFO] [War] Disabling War v1.8.1 (Nimitz)
2014/09/09 02:15:38 [INFO] [War] Unloading zone spleef...
2014/09/09 02:15:38 [INFO] [War] War v1.8.1 (Nimitz) is off.
